<?xml version="1.0" encoding="UTF-8"?>
<!-- Generated by org.testng.reporters.JUnitReportReporter -->
<testsuite hostname="TYSS-Pravin" failures="0" tests="1" name="practice.Test124" time="12.353" errors="0" timestamp="2022-03-16T15:04:52 IST" skipped="0">
  <testcase classname="practice.Test124" name="Search_all" time="12.353"/>
  <system-out/>
</testsuite> <!-- practice.Test124 -->
