<?xml version="1.0" encoding="UTF-8"?>
<!-- Generated by org.testng.reporters.JUnitReportReporter -->
<testsuite hostname="TYSS-Pravin" failures="0" tests="1" name="practice.Test123" time="14.383" errors="0" timestamp="2022-03-16T11:42:08 IST" skipped="0">
  <testcase classname="practice.Test123" name="Ebay" time="14.383"/>
  <system-out/>
</testsuite> <!-- practice.Test123 -->
