<?xml version="1.0" encoding="UTF-8"?>
<!-- Generated by org.testng.reporters.JUnitReportReporter -->
<testsuite hostname="TYSS-Pravin" failures="0" tests="1" name="practice.Flipkart" time="9.821" errors="0" timestamp="2022-03-17T15:40:00 IST" skipped="0">
  <testcase classname="practice.Flipkart" name="flipkar1" time="9.821"/>
  <system-out/>
</testsuite> <!-- practice.Flipkart -->
